2024-10-04 23:26:35.277 [info] Extension host with pid 281516 started
2024-10-04 23:26:35.277 [info] Skipping acquiring lock for /home/morph/Documents/angular/inventory-app/~/.vscode-root/User/workspaceStorage/5040de23dc0e4d0105bbd868d5452edf.
2024-10-04 23:26:35.510 [info] ExtensionService#_doActivateExtension vscode.git-base, startup: true, activationEvent: '*'
2024-10-04 23:26:35.522 [info] ExtensionService#_doActivateExtension vscode.npm, startup: true, activationEvent: 'workspaceContains:package.json'
2024-10-04 23:26:35.615 [info] ExtensionService#_doActivateExtension vscode.github, startup: true, activationEvent: '*'
2024-10-04 23:26:35.693 [info] Eager extensions activated
2024-10-04 23:26:35.719 [info] ExtensionService#_doActivateExtension vscode.debug-auto-launch, startup: false, activationEvent: 'onStartupFinished'
2024-10-04 23:26:35.724 [info] ExtensionService#_doActivateExtension vscode.merge-conflict, startup: false, activationEvent: 'onStartupFinished'
2024-10-04 23:26:37.793 [info] ExtensionService#_doActivateExtension vscode.git, startup: false, activationEvent: 'api', root cause: vscode.github
2024-10-04 23:26:38.182 [info] ExtensionService#_doActivateExtension vscode.emmet, startup: false, activationEvent: 'onLanguage'
2024-10-04 23:26:40.667 [info] ExtensionService#_doActivateExtension vscode.configuration-editing, startup: false, activationEvent: 'onLanguage:json'
2024-10-04 23:26:40.684 [info] ExtensionService#_doActivateExtension vscode.extension-editing, startup: false, activationEvent: 'onLanguage:json'
2024-10-04 23:26:40.724 [info] ExtensionService#_doActivateExtension vscode.json-language-features, startup: false, activationEvent: 'onLanguage:json'
2024-10-04 23:26:53.040 [warning] [Decorations] CAPPING events from decorations provider vscode.git 285
2024-10-04 23:26:58.096 [warning] [Decorations] CAPPING events from decorations provider vscode.git 293
2024-10-04 23:27:03.055 [info] Extension host terminating: renderer closed the MessagePort
2024-10-04 23:27:03.102 [error] Canceled: Canceled
	at new D (/usr/share/code/resources/app/out/vs/workbench/api/node/extensionHostProcess.js:151:35235)
	at y.U (/usr/share/code/resources/app/out/vs/workbench/api/node/extensionHostProcess.js:158:6005)
	at V.<computed>.F.charCodeAt.A.CharCode.DollarSign.V.<computed> (/usr/share/code/resources/app/out/vs/workbench/api/node/extensionHostProcess.js:158:3107)
	at h.g (/usr/share/code/resources/app/out/vs/workbench/api/node/extensionHostProcess.js:161:210015)
	at h.executeCommand (/usr/share/code/resources/app/out/vs/workbench/api/node/extensionHostProcess.js:161:209453)
	at C.registerCommand.description (/usr/share/code/resources/app/out/vs/workbench/api/node/extensionHostProcess.js:161:208777)
	at h (/usr/share/code/resources/app/out/vs/workbench/api/node/extensionHostProcess.js:161:210554)
	at h.g (/usr/share/code/resources/app/out/vs/workbench/api/node/extensionHostProcess.js:161:209546)
	at h.executeCommand (/usr/share/code/resources/app/out/vs/workbench/api/node/extensionHostProcess.js:161:209453)
	at Object.executeCommand (/usr/share/code/resources/app/out/vs/workbench/api/node/extensionHostProcess.js:171:30683)
	at i.O [as value] (/usr/share/code/resources/app/extensions/git/dist/main.js:2:952009)
	at r.B (/usr/share/code/resources/app/out/vs/workbench/api/node/extensionHostProcess.js:90:732)
	at r.C (/usr/share/code/resources/app/out/vs/workbench/api/node/extensionHostProcess.js:90:802)
	at r.fire (/usr/share/code/resources/app/out/vs/workbench/api/node/extensionHostProcess.js:90:1018)
	at Object.p [as dispose] (/usr/share/code/resources/app/extensions/git/dist/main.js:2:972587)
	at /usr/share/code/resources/app/extensions/git/dist/main.js:2:978709
	at Array.forEach (<anonymous>)
	at f.dispose (/usr/share/code/resources/app/extensions/git/dist/main.js:2:978695)
	at o.<anonymous> (/usr/share/code/resources/app/out/vs/workbench/api/node/extensionHostProcess.js:159:4176)
	at o.dispose (/usr/share/code/resources/app/out/vs/workbench/api/node/extensionHostProcess.js:159:4273)
	at o.<anonymous> (/usr/share/code/resources/app/extensions/git/dist/main.js:2:954307)
	at o.dispose (/usr/share/code/resources/app/out/vs/workbench/api/node/extensionHostProcess.js:159:4273)
	at $ (/usr/share/code/resources/app/out/vs/workbench/api/node/extensionHostProcess.js:30:744)
	at /usr/share/code/resources/app/out/vs/workbench/api/node/extensionHostProcess.js:167:13607
	at /usr/share/code/resources/app/out/vs/workbench/api/node/extensionHostProcess.js:30:1112
	at Object.dispose (/usr/share/code/resources/app/out/vs/workbench/api/node/extensionHostProcess.js:11:11463)
	at m.eb (/usr/share/code/resources/app/out/vs/workbench/api/node/extensionHostProcess.js:167:10282)
	at /usr/share/code/resources/app/out/vs/workbench/api/node/extensionHostProcess.js:167:8153
	at Array.map (<anonymous>)
	at m.$ (/usr/share/code/resources/app/out/vs/workbench/api/node/extensionHostProcess.js:167:8140)
	at m.terminate (/usr/share/code/resources/app/out/vs/workbench/api/node/extensionHostProcess.js:167:8413)
	at $.terminate (/usr/share/code/resources/app/out/vs/workbench/api/node/extensionHostProcess.js:171:1513)
	at n (/usr/share/code/resources/app/out/vs/workbench/api/node/extensionHostProcess.js:184:10613)
	at MessagePortMain.<anonymous> (/usr/share/code/resources/app/out/vs/workbench/api/node/extensionHostProcess.js:184:6805)
	at MessagePortMain.emit (node:events:519:28)
	at MessagePortMain._internalPort.emit (node:electron/js2c/utility_init:2:2619) setContext undefined
2024-10-04 23:27:03.103 [error] Canceled: Canceled
	at new D (/usr/share/code/resources/app/out/vs/workbench/api/node/extensionHostProcess.js:151:35235)
	at y.U (/usr/share/code/resources/app/out/vs/workbench/api/node/extensionHostProcess.js:158:6005)
	at V.<computed>.F.charCodeAt.A.CharCode.DollarSign.V.<computed> (/usr/share/code/resources/app/out/vs/workbench/api/node/extensionHostProcess.js:158:3107)
	at h.g (/usr/share/code/resources/app/out/vs/workbench/api/node/extensionHostProcess.js:161:210015)
	at h.executeCommand (/usr/share/code/resources/app/out/vs/workbench/api/node/extensionHostProcess.js:161:209453)
	at C.registerCommand.description (/usr/share/code/resources/app/out/vs/workbench/api/node/extensionHostProcess.js:161:208777)
	at h (/usr/share/code/resources/app/out/vs/workbench/api/node/extensionHostProcess.js:161:210554)
	at h.g (/usr/share/code/resources/app/out/vs/workbench/api/node/extensionHostProcess.js:161:209546)
	at h.executeCommand (/usr/share/code/resources/app/out/vs/workbench/api/node/extensionHostProcess.js:161:209453)
	at Object.executeCommand (/usr/share/code/resources/app/out/vs/workbench/api/node/extensionHostProcess.js:171:30683)
	at set hasGitHubRepositories (/usr/share/code/resources/app/extensions/github/dist/extension.js:2:322969)
	at /usr/share/code/resources/app/extensions/github/dist/extension.js:2:323928
	at i.value (/usr/share/code/resources/app/extensions/git/dist/main.js:2:1060944)
	at r.B (/usr/share/code/resources/app/out/vs/workbench/api/node/extensionHostProcess.js:90:732)
	at r.C (/usr/share/code/resources/app/out/vs/workbench/api/node/extensionHostProcess.js:90:802)
	at r.fire (/usr/share/code/resources/app/out/vs/workbench/api/node/extensionHostProcess.js:90:1018)
	at Object.p [as dispose] (/usr/share/code/resources/app/extensions/git/dist/main.js:2:972587)
	at /usr/share/code/resources/app/extensions/git/dist/main.js:2:978709
	at Array.forEach (<anonymous>)
	at f.dispose (/usr/share/code/resources/app/extensions/git/dist/main.js:2:978695)
	at o.<anonymous> (/usr/share/code/resources/app/out/vs/workbench/api/node/extensionHostProcess.js:159:4176)
	at o.dispose (/usr/share/code/resources/app/out/vs/workbench/api/node/extensionHostProcess.js:159:4273)
	at o.<anonymous> (/usr/share/code/resources/app/extensions/git/dist/main.js:2:954307)
	at o.dispose (/usr/share/code/resources/app/out/vs/workbench/api/node/extensionHostProcess.js:159:4273)
	at $ (/usr/share/code/resources/app/out/vs/workbench/api/node/extensionHostProcess.js:30:744)
	at /usr/share/code/resources/app/out/vs/workbench/api/node/extensionHostProcess.js:167:13607
	at /usr/share/code/resources/app/out/vs/workbench/api/node/extensionHostProcess.js:30:1112
	at Object.dispose (/usr/share/code/resources/app/out/vs/workbench/api/node/extensionHostProcess.js:11:11463)
	at m.eb (/usr/share/code/resources/app/out/vs/workbench/api/node/extensionHostProcess.js:167:10282)
	at /usr/share/code/resources/app/out/vs/workbench/api/node/extensionHostProcess.js:167:8153
	at Array.map (<anonymous>)
	at m.$ (/usr/share/code/resources/app/out/vs/workbench/api/node/extensionHostProcess.js:167:8140)
	at m.terminate (/usr/share/code/resources/app/out/vs/workbench/api/node/extensionHostProcess.js:167:8413)
	at $.terminate (/usr/share/code/resources/app/out/vs/workbench/api/node/extensionHostProcess.js:171:1513)
	at n (/usr/share/code/resources/app/out/vs/workbench/api/node/extensionHostProcess.js:184:10613)
	at MessagePortMain.<anonymous> (/usr/share/code/resources/app/out/vs/workbench/api/node/extensionHostProcess.js:184:6805)
	at MessagePortMain.emit (node:events:519:28)
	at MessagePortMain._internalPort.emit (node:electron/js2c/utility_init:2:2619) setContext undefined
2024-10-04 23:27:03.106 [info] Extension host with pid 281516 exiting with code 0
