2024-10-04 23:26:38.022 [info] [main] Log level: Info
2024-10-04 23:26:38.022 [info] [main] Validating found git in: "git"
2024-10-04 23:26:38.022 [info] [main] Using git "2.43.0" from "git"
2024-10-04 23:26:38.022 [info] [Model][doInitialScan] Initial repository scan started
2024-10-04 23:26:38.022 [info] > git rev-parse --show-toplevel [10ms]
2024-10-04 23:26:38.023 [info] > git rev-parse --git-dir --git-common-dir [3ms]
2024-10-04 23:26:38.043 [info] [Model][openRepository] Opened repository: /home/morph/Documents/angular/inventory-app
2024-10-04 23:26:38.063 [info] > git config --get commit.template [8ms]
2024-10-04 23:26:38.066 [info] > git rev-parse --show-toplevel [4ms]
2024-10-04 23:26:38.066 [info] [Git][getRemotes] No remotes found in the git config file
2024-10-04 23:26:38.084 [info] > git for-each-ref --format=%(refname)%00%(upstream:short)%00%(objectname)%00%(upstream:track)%00%(upstream:remotename)%00%(upstream:remoteref) refs/heads/master refs/remotes/master [11ms]
2024-10-04 23:26:38.093 [info] > git rev-parse --show-toplevel [13ms]
2024-10-04 23:26:38.103 [info] > git status -z -uall [11ms]
2024-10-04 23:26:38.138 [info] > git for-each-ref --format=%(refname)%00%(upstream:short)%00%(objectname)%00%(upstream:track)%00%(upstream:remotename)%00%(upstream:remoteref) refs/heads/master refs/remotes/master [24ms]
2024-10-04 23:26:38.148 [info] > git rev-parse --show-toplevel [48ms]
2024-10-04 23:26:38.216 [info] > git config --local branch.master.vscode-merge-base [67ms]
2024-10-04 23:26:38.216 [warning] [Git][config] git config failed: Failed to execute git
2024-10-04 23:26:38.223 [info] > git config --get commit.template [86ms]
2024-10-04 23:26:38.258 [info] > git reflog master --grep-reflog=branch: Created from *. [34ms]
2024-10-04 23:26:38.270 [info] > git rev-parse --show-toplevel [56ms]
2024-10-04 23:26:38.274 [info] [Model][doInitialScan] Initial repository scan completed - repositories (1), closed repositories (0), parent repositories (0), unsafe repositories (0)
2024-10-04 23:26:38.283 [info] [Git][getRemotes] No remotes found in the git config file
2024-10-04 23:26:38.285 [info] > git symbolic-ref --short refs/remotes/origin/HEAD [14ms]
2024-10-04 23:26:38.285 [info] fatal: ref refs/remotes/origin/HEAD is not a symbolic ref
2024-10-04 23:26:38.288 [info] > git for-each-ref --format=%(refname)%00%(upstream:short)%00%(objectname)%00%(upstream:track)%00%(upstream:remotename)%00%(upstream:remoteref) refs/heads/master refs/remotes/master [4ms]
2024-10-04 23:26:38.301 [info] > git status -z -uall [7ms]
2024-10-04 23:26:38.312 [info] > git for-each-ref --format=%(refname)%00%(upstream:short)%00%(objectname)%00%(upstream:track)%00%(upstream:remotename)%00%(upstream:remoteref) refs/heads/master refs/remotes/master [4ms]
2024-10-04 23:26:38.321 [info] > git config --local branch.master.vscode-merge-base [2ms]
2024-10-04 23:26:38.321 [warning] [Git][config] git config failed: Failed to execute git
2024-10-04 23:26:38.330 [info] > git reflog master --grep-reflog=branch: Created from *. [3ms]
2024-10-04 23:26:38.339 [info] > git symbolic-ref --short refs/remotes/origin/HEAD [2ms]
2024-10-04 23:26:38.339 [info] fatal: ref refs/remotes/origin/HEAD is not a symbolic ref
2024-10-04 23:26:38.722 [info] > git check-ignore -v -z --stdin [4ms]
2024-10-04 23:26:52.996 [info] [Git][getRemotes] No remotes found in the git config file
2024-10-04 23:26:52.998 [info] > git config --get commit.template [14ms]
2024-10-04 23:26:52.999 [info] > git for-each-ref --format=%(refname)%00%(upstream:short)%00%(objectname)%00%(upstream:track)%00%(upstream:remotename)%00%(upstream:remoteref) refs/heads/master refs/remotes/master [2ms]
2024-10-04 23:26:53.022 [info] > git status -z -uall [11ms]
2024-10-04 23:26:53.044 [info] > git for-each-ref --format=%(refname)%00%(upstream:short)%00%(objectname)%00%(upstream:track)%00%(upstream:remotename)%00%(upstream:remoteref) refs/heads/master refs/remotes/master [8ms]
2024-10-04 23:26:53.057 [info] > git config --local branch.master.vscode-merge-base [5ms]
2024-10-04 23:26:53.057 [warning] [Git][config] git config failed: Failed to execute git
2024-10-04 23:26:53.067 [info] > git reflog master --grep-reflog=branch: Created from *. [2ms]
2024-10-04 23:26:53.077 [info] > git symbolic-ref --short refs/remotes/origin/HEAD [3ms]
2024-10-04 23:26:53.077 [info] fatal: ref refs/remotes/origin/HEAD is not a symbolic ref
2024-10-04 23:26:58.066 [info] [Git][getRemotes] No remotes found in the git config file
2024-10-04 23:26:58.067 [info] > git config --get commit.template [8ms]
2024-10-04 23:26:58.068 [info] > git for-each-ref --format=%(refname)%00%(upstream:short)%00%(objectname)%00%(upstream:track)%00%(upstream:remotename)%00%(upstream:remoteref) refs/heads/master refs/remotes/master [2ms]
2024-10-04 23:26:58.081 [info] > git status -z -uall [6ms]
2024-10-04 23:26:58.098 [info] > git for-each-ref --format=%(refname)%00%(upstream:short)%00%(objectname)%00%(upstream:track)%00%(upstream:remotename)%00%(upstream:remoteref) refs/heads/master refs/remotes/master [7ms]
2024-10-04 23:26:58.110 [info] > git config --local branch.master.vscode-merge-base [5ms]
2024-10-04 23:26:58.110 [warning] [Git][config] git config failed: Failed to execute git
2024-10-04 23:26:58.119 [info] > git reflog master --grep-reflog=branch: Created from *. [2ms]
2024-10-04 23:26:58.128 [info] > git symbolic-ref --short refs/remotes/origin/HEAD [2ms]
2024-10-04 23:26:58.128 [info] fatal: ref refs/remotes/origin/HEAD is not a symbolic ref
